Arguments: 
  /usr/local/bin/node /usr/local/bin/yarn add extract-text-webpack-plugin@3.0.0

PATH: 
  /usr/local/bin:/usr/bin:/bin:/usr/sbin:/sbin:/usr/local/share/dotnet:~/.dotnet/tools:/Library/Frameworks/Mono.framework/Versions/Current/Commands:/Applications/Xamarin Workbooks.app/Contents/SharedSupport/path-bin

Yarn version: 
  1.10.1

Node version: 
  8.12.0

Platform: 
  darwin x64

Trace: 
  Error: EACCES: permission denied, mkdir '/Users/hchoudhari/Documents/Study/HTML_Projects/100k/My-Projects/react-projects/indecision-app/node_modules/babel-register/node_modules/babel-core'

npm manifest: 
  {
    "name": "indecision-app",
    "version": "1.0.0",
    "main": "index.js",
    "author": "hemantc09",
    "license": "MIT",
    "scripts": {
      "serve": "live-server public/",
      "build:dev": "webpack",
      "build:prod": "webpack -p --env production",
      "dev-server": "webpack-dev-server"
    },
    "dependencies": {
      "babel-cli": "6.24.1",
      "babel-core": "6.25.0",
      "babel-loader": "7.1.1",
      "babel-plugin-transform-class-properties": "^6.24.1",
      "babel-preset-env": "^1.7.0",
      "babel-preset-react": "^6.24.1",
      "css-loader": "0.28.4",
      "express": "^4.16.4",
      "live-server": "^1.2.0",
      "node-sass": "4.5.3",
      "normalize.css": "8.0.1",
      "react": "^16.6.1",
      "react-dom": "^16.6.1",
      "react-modal": "2.2.2",
      "sass-loader": "6.0.6",
      "style-loader": "0.18.2",
      "validator": "^10.9.0",
      "webpack": "3.1.0",
      "webpack-dev-server": "2.5.1"
    }
  }

yarn manifest: 
  No manifest

Lockfile: 
  No lockfile
